<?xml version="1.0" encoding="UTF-8"?>
<!-- Generated by org.testng.reporters.JUnitXMLReporter -->
<testsuite ignored="0" hostname="LAPTOP-092S62NG" failures="1" tests="8" name="ChromeTest" time="58.268" errors="0" timestamp="2024-11-02T09:03:05 IST">
  <testcase classname="testcases.TC01_RegisterUser" name="registerusertest" time="2.202"/>
  <testcase classname="testcases.TC02_LoginTest" name="verifyLoginfunction" time="2.173"/>
  <testcase classname="testcases.TC03_LoginTestDataDriven" name="verifyloginDDf" time="8.073"/>
  <testcase classname="testcases.TC03_LoginTestDataDriven" name="verifyloginDDf" time="8.017">
    <failure type="java.lang.AssertionError" message="expected [true] but found [false]">
      <![CDATA[java.lang.AssertionError: expected [true] but found [false]
at testcases.TC03_LoginTestDataDriven.verifyloginDDf(TC03_LoginTestDataDriven.java:53)
at java.base/java.util.ArrayList.forEach(ArrayList.java:1596)
... Removed 29 stack frames]]>
    </failure>
  </testcase> <!-- verifyloginDDf -->
  <testcase classname="testcases.TC03_LoginTestDataDriven" name="verifyloginDDf" time="8.337"/>
  <testcase classname="testcases.TC03_LoginTestDataDriven" name="verifyloginDDf" time="8.374"/>
  <testcase classname="testcases.TC03_LoginTestDataDriven" name="verifyloginDDf" time="2.54"/>
  <testcase classname="testcases.TC03_LoginTestDataDriven" name="verifyloginDDf" time="2.591"/>
</testsuite> <!-- ChromeTest -->
