<?xml version="1.0" encoding="UTF-8"?>
<testng-results ignored="0" total="8" passed="7" failed="1" skipped="0">
  <reporter-output>
  </reporter-output>
  <suite started-at="2024-11-03T14:47:01 IST" name="Suite" finished-at="2024-11-03T14:47:59 IST" duration-ms="57874">
    <groups>
    </groups>
    <test started-at="2024-11-03T14:47:01 IST" name="ChromeTest" finished-at="2024-11-03T14:47:59 IST" duration-ms="57874">
      <class name="testcases.TC02_LoginTest">
        <test-method is-config="true" signature="setup(java.lang.String,java.lang.String)[pri:0, instance:testcases.TC02_LoginTest@21ba0741]" started-at="2024-11-03T14:47:10 IST" name="setup" finished-at="2024-11-03T14:47:13 IST" duration-ms="3622" status="PASS">
          <params>
            <param index="0">
              <value>
                <![CDATA[chrome]]>
              </value>
            </param>
            <param index="1">
              <value>
                <![CDATA[windows]]>
              </value>
            </param>
          </params>
          <reporter-output>
          </reporter-output>
        </test-method> <!-- setup -->
        <test-method signature="verifyLoginfunction()[pri:0, instance:testcases.TC02_LoginTest@21ba0741]" started-at="2024-11-03T14:47:13 IST" name="verifyLoginfunction" finished-at="2024-11-03T14:47:15 IST" duration-ms="2274" status="PASS">
          <reporter-output>
          </reporter-output>
        </test-method> <!-- verifyLoginfunction -->
        <test-method is-config="true" signature="teardown()[pri:0, instance:testcases.TC02_LoginTest@21ba0741]" started-at="2024-11-03T14:47:15 IST" name="teardown" finished-at="2024-11-03T14:47:16 IST" duration-ms="288" status="PASS">
          <reporter-output>
          </reporter-output>
        </test-method> <!-- teardown -->
      </class> <!-- testcases.TC02_LoginTest -->
      <class name="testcases.TC03_LoginTestDataDriven">
        <test-method is-config="true" signature="setup(java.lang.String,java.lang.String)[pri:0, instance:testcases.TC03_LoginTestDataDriven@58ce9668]" started-at="2024-11-03T14:47:16 IST" name="setup" finished-at="2024-11-03T14:47:19 IST" duration-ms="3733" status="PASS">
          <params>
            <param index="0">
              <value>
                <![CDATA[chrome]]>
              </value>
            </param>
            <param index="1">
              <value>
                <![CDATA[windows]]>
              </value>
            </param>
          </params>
          <reporter-output>
          </reporter-output>
        </test-method> <!-- setup -->
        <test-method signature="verifyloginDDf(java.lang.String,java.lang.String,java.lang.String)[pri:0, instance:testcases.TC03_LoginTestDataDriven@58ce9668]" started-at="2024-11-03T14:47:20 IST" name="verifyloginDDf" data-provider="LoginData" finished-at="2024-11-03T14:47:28 IST" duration-ms="8102" status="PASS">
          <params>
            <param index="0">
              <value>
                <![CDATA[imtyy@gmail.com]]>
              </value>
            </param>
            <param index="1">
              <value>
                <![CDATA[test@1234]]>
              </value>
            </param>
            <param index="2">
              <value>
                <![CDATA[Invalid]]>
              </value>
            </param>
          </params>
          <reporter-output>
          </reporter-output>
        </test-method> <!-- verifyloginDDf -->
        <test-method signature="verifyloginDDf(java.lang.String,java.lang.String,java.lang.String)[pri:0, instance:testcases.TC03_LoginTestDataDriven@58ce9668]" started-at="2024-11-03T14:47:28 IST" name="verifyloginDDf" data-provider="LoginData" finished-at="2024-11-03T14:47:37 IST" duration-ms="8200" status="FAIL">
          <params>
            <param index="0">
              <value>
                <![CDATA[imak@gmail.com]]>
              </value>
            </param>
            <param index="1">
              <value>
                <![CDATA[test@1235]]>
              </value>
            </param>
            <param index="2">
              <value>
                <![CDATA[valid]]>
              </value>
            </param>
          </params>
          <exception class="java.lang.AssertionError">
            <message>
              <![CDATA[expected [true] but found [false]]]>
            </message>
            <full-stacktrace>
              <![CDATA[java.lang.AssertionError: expected [true] but found [false]
at org.testng.Assert.fail(Assert.java:111)
at org.testng.Assert.failNotEquals(Assert.java:1578)
at org.testng.Assert.assertTrue(Assert.java:57)
at org.testng.Assert.assertTrue(Assert.java:67)
at testcases.TC03_LoginTestDataDriven.verifyloginDDf(TC03_LoginTestDataDriven.java:53)
at java.base/jdk.internal.reflect.DirectMethodHandleAccessor.invoke(DirectMethodHandleAccessor.java:103)
at java.base/java.lang.reflect.Method.invoke(Method.java:580)
at org.testng.internal.invokers.MethodInvocationHelper.invokeMethod(MethodInvocationHelper.java:141)
at org.testng.internal.invokers.TestInvoker.invokeMethod(TestInvoker.java:686)
at org.testng.internal.invokers.TestInvoker.invokeTestMethod(TestInvoker.java:230)
at org.testng.internal.invokers.MethodRunner.runInSequence(MethodRunner.java:63)
at org.testng.internal.invokers.TestInvoker$MethodInvocationAgent.invoke(TestInvoker.java:992)
at org.testng.internal.invokers.TestInvoker.invokeTestMethods(TestInvoker.java:203)
at org.testng.internal.invokers.TestMethodWorker.invokeTestMethods(TestMethodWorker.java:154)
at org.testng.internal.invokers.TestMethodWorker.run(TestMethodWorker.java:134)
at java.base/java.util.ArrayList.forEach(ArrayList.java:1596)
at org.testng.TestRunner.privateRun(TestRunner.java:739)
at org.testng.TestRunner.run(TestRunner.java:614)
at org.testng.SuiteRunner.runTest(SuiteRunner.java:421)
at org.testng.SuiteRunner.runSequentially(SuiteRunner.java:413)
at org.testng.SuiteRunner.privateRun(SuiteRunner.java:373)
at org.testng.SuiteRunner.run(SuiteRunner.java:312)
at org.testng.SuiteRunnerWorker.runSuite(SuiteRunnerWorker.java:52)
at org.testng.SuiteRunnerWorker.run(SuiteRunnerWorker.java:95)
at org.testng.TestNG.runSuitesSequentially(TestNG.java:1274)
at org.testng.TestNG.runSuitesLocally(TestNG.java:1208)
at org.testng.TestNG.runSuites(TestNG.java:1112)
at org.testng.TestNG.run(TestNG.java:1079)
at org.apache.maven.surefire.testng.TestNGExecutor.run(TestNGExecutor.java:308)
at org.apache.maven.surefire.testng.TestNGXmlTestSuite.execute(TestNGXmlTestSuite.java:71)
at org.apache.maven.surefire.testng.TestNGProvider.invoke(TestNGProvider.java:113)
at org.apache.maven.surefire.booter.ForkedBooter.runSuitesInProcess(ForkedBooter.java:385)
at org.apache.maven.surefire.booter.ForkedBooter.execute(ForkedBooter.java:162)
at org.apache.maven.surefire.booter.ForkedBooter.run(ForkedBooter.java:507)
at org.apache.maven.surefire.booter.ForkedBooter.main(ForkedBooter.java:495)
]]>
            </full-stacktrace>
          </exception> <!-- java.lang.AssertionError -->
          <reporter-output>
          </reporter-output>
        </test-method> <!-- verifyloginDDf -->
        <test-method signature="verifyloginDDf(java.lang.String,java.lang.String,java.lang.String)[pri:0, instance:testcases.TC03_LoginTestDataDriven@58ce9668]" started-at="2024-11-03T14:47:37 IST" name="verifyloginDDf" data-provider="LoginData" finished-at="2024-11-03T14:47:45 IST" duration-ms="8386" status="PASS">
          <params>
            <param index="0">
              <value>
                <![CDATA[imram@gmail.com]]>
              </value>
            </param>
            <param index="1">
              <value>
                <![CDATA[test@1236]]>
              </value>
            </param>
            <param index="2">
              <value>
                <![CDATA[Invalid]]>
              </value>
            </param>
          </params>
          <reporter-output>
          </reporter-output>
        </test-method> <!-- verifyloginDDf -->
        <test-method signature="verifyloginDDf(java.lang.String,java.lang.String,java.lang.String)[pri:0, instance:testcases.TC03_LoginTestDataDriven@58ce9668]" started-at="2024-11-03T14:47:45 IST" name="verifyloginDDf" data-provider="LoginData" finished-at="2024-11-03T14:47:54 IST" duration-ms="8299" status="PASS">
          <params>
            <param index="0">
              <value>
                <![CDATA[imabhay@gmail.com]]>
              </value>
            </param>
            <param index="1">
              <value>
                <![CDATA[test@1237]]>
              </value>
            </param>
            <param index="2">
              <value>
                <![CDATA[Invalid]]>
              </value>
            </param>
          </params>
          <reporter-output>
          </reporter-output>
        </test-method> <!-- verifyloginDDf -->
        <test-method signature="verifyloginDDf(java.lang.String,java.lang.String,java.lang.String)[pri:0, instance:testcases.TC03_LoginTestDataDriven@58ce9668]" started-at="2024-11-03T14:47:54 IST" name="verifyloginDDf" data-provider="LoginData" finished-at="2024-11-03T14:47:56 IST" duration-ms="2442" status="PASS">
          <params>
            <param index="0">
              <value>
                <![CDATA[impankaj@gmail.com]]>
              </value>
            </param>
            <param index="1">
              <value>
                <![CDATA[Automation@1234]]>
              </value>
            </param>
            <param index="2">
              <value>
                <![CDATA[Valid]]>
              </value>
            </param>
          </params>
          <reporter-output>
          </reporter-output>
        </test-method> <!-- verifyloginDDf -->
        <test-method signature="verifyloginDDf(java.lang.String,java.lang.String,java.lang.String)[pri:0, instance:testcases.TC03_LoginTestDataDriven@58ce9668]" started-at="2024-11-03T14:47:56 IST" name="verifyloginDDf" data-provider="LoginData" finished-at="2024-11-03T14:47:58 IST" duration-ms="2354" status="PASS">
          <params>
            <param index="0">
              <value>
                <![CDATA[impankaj@gmail.com]]>
              </value>
            </param>
            <param index="1">
              <value>
                <![CDATA[Automation@1234]]>
              </value>
            </param>
            <param index="2">
              <value>
                <![CDATA[Valid]]>
              </value>
            </param>
          </params>
          <reporter-output>
          </reporter-output>
        </test-method> <!-- verifyloginDDf -->
        <test-method is-config="true" signature="teardown()[pri:0, instance:testcases.TC03_LoginTestDataDriven@58ce9668]" started-at="2024-11-03T14:47:58 IST" name="teardown" finished-at="2024-11-03T14:47:59 IST" duration-ms="313" status="PASS">
          <reporter-output>
          </reporter-output>
        </test-method> <!-- teardown -->
      </class> <!-- testcases.TC03_LoginTestDataDriven -->
      <class name="testcases.TC01_RegisterUser">
        <test-method is-config="true" signature="setup(java.lang.String,java.lang.String)[pri:0, instance:testcases.TC01_RegisterUser@68702e03]" started-at="2024-11-03T14:47:01 IST" name="setup" finished-at="2024-11-03T14:47:07 IST" duration-ms="6135" status="PASS">
          <params>
            <param index="0">
              <value>
                <![CDATA[chrome]]>
              </value>
            </param>
            <param index="1">
              <value>
                <![CDATA[windows]]>
              </value>
            </param>
          </params>
          <reporter-output>
          </reporter-output>
        </test-method> <!-- setup -->
        <test-method signature="registerusertest()[pri:0, instance:testcases.TC01_RegisterUser@68702e03]" started-at="2024-11-03T14:47:07 IST" name="registerusertest" finished-at="2024-11-03T14:47:09 IST" duration-ms="2108" status="PASS">
          <reporter-output>
          </reporter-output>
        </test-method> <!-- registerusertest -->
        <test-method is-config="true" signature="teardown()[pri:0, instance:testcases.TC01_RegisterUser@68702e03]" started-at="2024-11-03T14:47:09 IST" name="teardown" finished-at="2024-11-03T14:47:10 IST" duration-ms="335" status="PASS">
          <reporter-output>
          </reporter-output>
        </test-method> <!-- teardown -->
      </class> <!-- testcases.TC01_RegisterUser -->
    </test> <!-- ChromeTest -->
  </suite> <!-- Suite -->
</testng-results>
