<?xml version="1.0" encoding="UTF-8"?>
<testng-results ignored="0" total="8" passed="7" failed="1" skipped="0">
  <reporter-output>
  </reporter-output>
  <suite started-at="2024-11-02T09:02:07 IST" name="Suite" finished-at="2024-11-02T09:03:05 IST" duration-ms="58268">
    <groups>
    </groups>
    <test started-at="2024-11-02T09:02:07 IST" name="ChromeTest" finished-at="2024-11-02T09:03:05 IST" duration-ms="58268">
      <class name="testcases.TC02_LoginTest">
        <test-method is-config="true" signature="setup(java.lang.String,java.lang.String)[pri:0, instance:testcases.TC02_LoginTest@436813f3]" started-at="2024-11-02T09:02:15 IST" name="setup" finished-at="2024-11-02T09:02:19 IST" duration-ms="3765" status="PASS">
          <params>
            <param index="0">
              <value>
                <![CDATA[chrome]]>
              </value>
            </param>
            <param index="1">
              <value>
                <![CDATA[windows]]>
              </value>
            </param>
          </params>
          <reporter-output>
          </reporter-output>
        </test-method> <!-- setup -->
        <test-method signature="verifyLoginfunction()[pri:0, instance:testcases.TC02_LoginTest@436813f3]" started-at="2024-11-02T09:02:19 IST" name="verifyLoginfunction" finished-at="2024-11-02T09:02:21 IST" duration-ms="2173" status="PASS">
          <reporter-output>
          </reporter-output>
        </test-method> <!-- verifyLoginfunction -->
        <test-method is-config="true" signature="teardown()[pri:0, instance:testcases.TC02_LoginTest@436813f3]" started-at="2024-11-02T09:02:21 IST" name="teardown" finished-at="2024-11-02T09:02:22 IST" duration-ms="319" status="PASS">
          <reporter-output>
          </reporter-output>
        </test-method> <!-- teardown -->
      </class> <!-- testcases.TC02_LoginTest -->
      <class name="testcases.TC01_RegisterUser">
        <test-method is-config="true" signature="setup(java.lang.String,java.lang.String)[pri:0, instance:testcases.TC01_RegisterUser@1189dd52]" started-at="2024-11-02T09:02:07 IST" name="setup" finished-at="2024-11-02T09:02:13 IST" duration-ms="5872" status="PASS">
          <params>
            <param index="0">
              <value>
                <![CDATA[chrome]]>
              </value>
            </param>
            <param index="1">
              <value>
                <![CDATA[windows]]>
              </value>
            </param>
          </params>
          <reporter-output>
          </reporter-output>
        </test-method> <!-- setup -->
        <test-method signature="registerusertest()[pri:0, instance:testcases.TC01_RegisterUser@1189dd52]" started-at="2024-11-02T09:02:13 IST" name="registerusertest" finished-at="2024-11-02T09:02:15 IST" duration-ms="2202" status="PASS">
          <reporter-output>
          </reporter-output>
        </test-method> <!-- registerusertest -->
        <test-method is-config="true" signature="teardown()[pri:0, instance:testcases.TC01_RegisterUser@1189dd52]" started-at="2024-11-02T09:02:15 IST" name="teardown" finished-at="2024-11-02T09:02:15 IST" duration-ms="311" status="PASS">
          <reporter-output>
          </reporter-output>
        </test-method> <!-- teardown -->
      </class> <!-- testcases.TC01_RegisterUser -->
      <class name="testcases.TC03_LoginTestDataDriven">
        <test-method is-config="true" signature="setup(java.lang.String,java.lang.String)[pri:0, instance:testcases.TC03_LoginTestDataDriven@74fe5c40]" started-at="2024-11-02T09:02:22 IST" name="setup" finished-at="2024-11-02T09:02:25 IST" duration-ms="3764" status="PASS">
          <params>
            <param index="0">
              <value>
                <![CDATA[chrome]]>
              </value>
            </param>
            <param index="1">
              <value>
                <![CDATA[windows]]>
              </value>
            </param>
          </params>
          <reporter-output>
          </reporter-output>
        </test-method> <!-- setup -->
        <test-method signature="verifyloginDDf(java.lang.String,java.lang.String,java.lang.String)[pri:0, instance:testcases.TC03_LoginTestDataDriven@74fe5c40]" started-at="2024-11-02T09:02:27 IST" name="verifyloginDDf" data-provider="LoginData" finished-at="2024-11-02T09:02:35 IST" duration-ms="8073" status="PASS">
          <params>
            <param index="0">
              <value>
                <![CDATA[imtyy@gmail.com]]>
              </value>
            </param>
            <param index="1">
              <value>
                <![CDATA[test@1234]]>
              </value>
            </param>
            <param index="2">
              <value>
                <![CDATA[Invalid]]>
              </value>
            </param>
          </params>
          <reporter-output>
          </reporter-output>
        </test-method> <!-- verifyloginDDf -->
        <test-method signature="verifyloginDDf(java.lang.String,java.lang.String,java.lang.String)[pri:0, instance:testcases.TC03_LoginTestDataDriven@74fe5c40]" started-at="2024-11-02T09:02:35 IST" name="verifyloginDDf" data-provider="LoginData" finished-at="2024-11-02T09:02:43 IST" duration-ms="8017" status="FAIL">
          <params>
            <param index="0">
              <value>
                <![CDATA[imak@gmail.com]]>
              </value>
            </param>
            <param index="1">
              <value>
                <![CDATA[test@1235]]>
              </value>
            </param>
            <param index="2">
              <value>
                <![CDATA[valid]]>
              </value>
            </param>
          </params>
          <exception class="java.lang.AssertionError">
            <message>
              <![CDATA[expected [true] but found [false]]]>
            </message>
            <full-stacktrace>
              <![CDATA[java.lang.AssertionError: expected [true] but found [false]
at org.testng.Assert.fail(Assert.java:99)
at org.testng.Assert.failNotEquals(Assert.java:1037)
at org.testng.Assert.assertTrue(Assert.java:45)
at org.testng.Assert.assertTrue(Assert.java:55)
at testcases.TC03_LoginTestDataDriven.verifyloginDDf(TC03_LoginTestDataDriven.java:53)
at java.base/jdk.internal.reflect.DirectMethodHandleAccessor.invoke(DirectMethodHandleAccessor.java:103)
at java.base/java.lang.reflect.Method.invoke(Method.java:580)
at org.testng.internal.MethodInvocationHelper.invokeMethod(MethodInvocationHelper.java:133)
at org.testng.internal.TestInvoker.invokeMethod(TestInvoker.java:598)
at org.testng.internal.TestInvoker.invokeTestMethod(TestInvoker.java:173)
at org.testng.internal.MethodRunner.runInSequence(MethodRunner.java:46)
at org.testng.internal.TestInvoker$MethodInvocationAgent.invoke(TestInvoker.java:824)
at org.testng.internal.TestInvoker.invokeTestMethods(TestInvoker.java:146)
at org.testng.internal.TestMethodWorker.invokeTestMethods(TestMethodWorker.java:146)
at org.testng.internal.TestMethodWorker.run(TestMethodWorker.java:128)
at java.base/java.util.ArrayList.forEach(ArrayList.java:1596)
at org.testng.TestRunner.privateRun(TestRunner.java:794)
at org.testng.TestRunner.run(TestRunner.java:596)
at org.testng.SuiteRunner.runTest(SuiteRunner.java:377)
at org.testng.SuiteRunner.runSequentially(SuiteRunner.java:371)
at org.testng.SuiteRunner.privateRun(SuiteRunner.java:332)
at org.testng.SuiteRunner.run(SuiteRunner.java:276)
at org.testng.SuiteRunnerWorker.runSuite(SuiteRunnerWorker.java:53)
at org.testng.SuiteRunnerWorker.run(SuiteRunnerWorker.java:96)
at org.testng.TestNG.runSuitesSequentially(TestNG.java:1212)
at org.testng.TestNG.runSuitesLocally(TestNG.java:1134)
at org.testng.TestNG.runSuites(TestNG.java:1063)
at org.testng.TestNG.run(TestNG.java:1031)
at org.testng.remote.AbstractRemoteTestNG.run(AbstractRemoteTestNG.java:115)
at org.testng.remote.RemoteTestNG.initAndRun(RemoteTestNG.java:293)
at org.testng.remote.RemoteTestNG.main(RemoteTestNG.java:91)
]]>
            </full-stacktrace>
          </exception> <!-- java.lang.AssertionError -->
          <reporter-output>
          </reporter-output>
        </test-method> <!-- verifyloginDDf -->
        <test-method signature="verifyloginDDf(java.lang.String,java.lang.String,java.lang.String)[pri:0, instance:testcases.TC03_LoginTestDataDriven@74fe5c40]" started-at="2024-11-02T09:02:43 IST" name="verifyloginDDf" data-provider="LoginData" finished-at="2024-11-02T09:02:51 IST" duration-ms="8337" status="PASS">
          <params>
            <param index="0">
              <value>
                <![CDATA[imram@gmail.com]]>
              </value>
            </param>
            <param index="1">
              <value>
                <![CDATA[test@1236]]>
              </value>
            </param>
            <param index="2">
              <value>
                <![CDATA[Invalid]]>
              </value>
            </param>
          </params>
          <reporter-output>
          </reporter-output>
        </test-method> <!-- verifyloginDDf -->
        <test-method signature="verifyloginDDf(java.lang.String,java.lang.String,java.lang.String)[pri:0, instance:testcases.TC03_LoginTestDataDriven@74fe5c40]" started-at="2024-11-02T09:02:51 IST" name="verifyloginDDf" data-provider="LoginData" finished-at="2024-11-02T09:02:59 IST" duration-ms="8374" status="PASS">
          <params>
            <param index="0">
              <value>
                <![CDATA[imabhay@gmail.com]]>
              </value>
            </param>
            <param index="1">
              <value>
                <![CDATA[test@1237]]>
              </value>
            </param>
            <param index="2">
              <value>
                <![CDATA[Invalid]]>
              </value>
            </param>
          </params>
          <reporter-output>
          </reporter-output>
        </test-method> <!-- verifyloginDDf -->
        <test-method signature="verifyloginDDf(java.lang.String,java.lang.String,java.lang.String)[pri:0, instance:testcases.TC03_LoginTestDataDriven@74fe5c40]" started-at="2024-11-02T09:02:59 IST" name="verifyloginDDf" data-provider="LoginData" finished-at="2024-11-02T09:03:02 IST" duration-ms="2540" status="PASS">
          <params>
            <param index="0">
              <value>
                <![CDATA[impankaj@gmail.com]]>
              </value>
            </param>
            <param index="1">
              <value>
                <![CDATA[Automation@1234]]>
              </value>
            </param>
            <param index="2">
              <value>
                <![CDATA[Valid]]>
              </value>
            </param>
          </params>
          <reporter-output>
          </reporter-output>
        </test-method> <!-- verifyloginDDf -->
        <test-method signature="verifyloginDDf(java.lang.String,java.lang.String,java.lang.String)[pri:0, instance:testcases.TC03_LoginTestDataDriven@74fe5c40]" started-at="2024-11-02T09:03:02 IST" name="verifyloginDDf" data-provider="LoginData" finished-at="2024-11-02T09:03:05 IST" duration-ms="2591" status="PASS">
          <params>
            <param index="0">
              <value>
                <![CDATA[impankaj@gmail.com]]>
              </value>
            </param>
            <param index="1">
              <value>
                <![CDATA[Automation@1234]]>
              </value>
            </param>
            <param index="2">
              <value>
                <![CDATA[Valid]]>
              </value>
            </param>
          </params>
          <reporter-output>
          </reporter-output>
        </test-method> <!-- verifyloginDDf -->
        <test-method is-config="true" signature="teardown()[pri:0, instance:testcases.TC03_LoginTestDataDriven@74fe5c40]" started-at="2024-11-02T09:03:05 IST" name="teardown" finished-at="2024-11-02T09:03:05 IST" duration-ms="351" status="PASS">
          <reporter-output>
          </reporter-output>
        </test-method> <!-- teardown -->
      </class> <!-- testcases.TC03_LoginTestDataDriven -->
    </test> <!-- ChromeTest -->
  </suite> <!-- Suite -->
</testng-results>
